<?xml version="1.0" encoding="UTF-8"?>
<coverage generated="1614608436667" clover="3.2.0">
  <project timestamp="1614608436667" name="All files">
    <metrics statements="180" coveredstatements="164" conditionals="16" coveredconditionals="15" methods="48" coveredmethods="37" elements="244" coveredelements="216" complexity="0" loc="180" ncloc="180" packages="13" files="25" classes="25"/>
    <package name="src.aplicacion.orden.comando">
      <metrics statements="36" coveredstatements="34" conditionals="0" coveredconditionals="0" methods="6" coveredmethods="4"/>
      <file name="actualizar-orden.comando.ts" path="C:\Users\sebastian.valdes\Desktop\ADN-Ceiba\BackEnd\src\aplicacion\orden\comando\actualizar-orden.comando.ts">
        <metrics statements="8" coveredstatements="8" conditionals="0" coveredconditionals="0" methods="0" coveredmethods="0"/>
        <line num="1" count="1" type="stmt"/>
        <line num="2" count="1" type="stmt"/>
        <line num="4" count="1" type="stmt"/>
        <line num="7" count="1" type="stmt"/>
        <line num="11" count="1" type="stmt"/>
        <line num="15" count="1" type="stmt"/>
        <line num="19" count="1" type="stmt"/>
        <line num="23" count="1" type="stmt"/>
      </file>
      <file name="actualizar-orden.manejador.ts" path="C:\Users\sebastian.valdes\Desktop\ADN-Ceiba\BackEnd\src\aplicacion\orden\comando\actualizar-orden.manejador.ts">
        <metrics statements="6" coveredstatements="5" conditionals="0" coveredconditionals="0" methods="2" coveredmethods="1"/>
        <line num="1" count="1" type="stmt"/>
        <line num="2" count="1" type="stmt"/>
        <line num="4" count="1" type="stmt"/>
        <line num="7" count="1" type="stmt"/>
        <line num="8" count="1" type="stmt"/>
        <line num="11" count="0" type="stmt"/>
      </file>
      <file name="crear-orden.comando.ts" path="C:\Users\sebastian.valdes\Desktop\ADN-Ceiba\BackEnd\src\aplicacion\orden\comando\crear-orden.comando.ts">
        <metrics statements="8" coveredstatements="8" conditionals="0" coveredconditionals="0" methods="0" coveredmethods="0"/>
        <line num="1" count="1" type="stmt"/>
        <line num="2" count="1" type="stmt"/>
        <line num="4" count="1" type="stmt"/>
        <line num="7" count="1" type="stmt"/>
        <line num="11" count="1" type="stmt"/>
        <line num="15" count="1" type="stmt"/>
        <line num="19" count="1" type="stmt"/>
        <line num="23" count="1" type="stmt"/>
      </file>
      <file name="crear-orden.manejador.ts" path="C:\Users\sebastian.valdes\Desktop\ADN-Ceiba\BackEnd\src\aplicacion\orden\comando\crear-orden.manejador.ts">
        <metrics statements="6" coveredstatements="6" conditionals="0" coveredconditionals="0" methods="2" coveredmethods="2"/>
        <line num="1" count="1" type="stmt"/>
        <line num="2" count="1" type="stmt"/>
        <line num="4" count="1" type="stmt"/>
        <line num="7" count="1" type="stmt"/>
        <line num="8" count="1" type="stmt"/>
        <line num="11" count="3" type="stmt"/>
      </file>
      <file name="eliminar-orden.comando.ts" path="C:\Users\sebastian.valdes\Desktop\ADN-Ceiba\BackEnd\src\aplicacion\orden\comando\eliminar-orden.comando.ts">
        <metrics statements="3" coveredstatements="3" conditionals="0" coveredconditionals="0" methods="0" coveredmethods="0"/>
        <line num="1" count="1" type="stmt"/>
        <line num="3" count="1" type="stmt"/>
        <line num="5" count="1" type="stmt"/>
      </file>
      <file name="eliminar-orden.manejador.ts" path="C:\Users\sebastian.valdes\Desktop\ADN-Ceiba\BackEnd\src\aplicacion\orden\comando\eliminar-orden.manejador.ts">
        <metrics statements="5" coveredstatements="4" conditionals="0" coveredconditionals="0" methods="2" coveredmethods="1"/>
        <line num="1" count="1" type="stmt"/>
        <line num="3" count="1" type="stmt"/>
        <line num="6" count="1" type="stmt"/>
        <line num="7" count="1" type="stmt"/>
        <line num="10" count="0" type="stmt"/>
      </file>
    </package>
    <package name="src.aplicacion.orden.consulta">
      <metrics statements="10" coveredstatements="10" conditionals="0" coveredconditionals="0" methods="4" coveredmethods="4"/>
      <file name="listar-orden.manejador.ts" path="C:\Users\sebastian.valdes\Desktop\ADN-Ceiba\BackEnd\src\aplicacion\orden\consulta\listar-orden.manejador.ts">
        <metrics statements="5" coveredstatements="5" conditionals="0" coveredconditionals="0" methods="2" coveredmethods="2"/>
        <line num="1" count="1" type="stmt"/>
        <line num="3" count="1" type="stmt"/>
        <line num="7" count="1" type="stmt"/>
        <line num="8" count="1" type="stmt"/>
        <line num="11" count="1" type="stmt"/>
      </file>
      <file name="listar-ordenes.manejador.ts" path="C:\Users\sebastian.valdes\Desktop\ADN-Ceiba\BackEnd\src\aplicacion\orden\consulta\listar-ordenes.manejador.ts">
        <metrics statements="5" coveredstatements="5" conditionals="0" coveredconditionals="0" methods="2" coveredmethods="2"/>
        <line num="1" count="1" type="stmt"/>
        <line num="3" count="1" type="stmt"/>
        <line num="7" count="1" type="stmt"/>
        <line num="8" count="1" type="stmt"/>
        <line num="11" count="1" type="stmt"/>
      </file>
    </package>
    <package name="src.dominio.errores">
      <metrics statements="9" coveredstatements="8" conditionals="2" coveredconditionals="2" methods="3" coveredmethods="2"/>
      <file name="error-de-negocio.ts" path="C:\Users\sebastian.valdes\Desktop\ADN-Ceiba\BackEnd\src\dominio\errores\error-de-negocio.ts">
        <metrics statements="3" coveredstatements="3" conditionals="2" coveredconditionals="2" methods="1" coveredmethods="1"/>
        <line num="1" count="5" type="stmt"/>
        <line num="3" count="7" type="stmt"/>
        <line num="4" count="7" type="cond" truecount="2" falsecount="0"/>
      </file>
      <file name="error-franja-horaria.ts" path="C:\Users\sebastian.valdes\Desktop\ADN-Ceiba\BackEnd\src\dominio\errores\error-franja-horaria.ts">
        <metrics statements="3" coveredstatements="2" conditionals="0" coveredconditionals="0" methods="1" coveredmethods="0"/>
        <line num="1" count="4" type="stmt"/>
        <line num="3" count="4" type="stmt"/>
        <line num="5" count="0" type="stmt"/>
      </file>
      <file name="error-horario-laboral.ts" path="C:\Users\sebastian.valdes\Desktop\ADN-Ceiba\BackEnd\src\dominio\errores\error-horario-laboral.ts">
        <metrics statements="3" coveredstatements="3" conditionals="0" coveredconditionals="0" methods="1" coveredmethods="1"/>
        <line num="1" count="4" type="stmt"/>
        <line num="3" count="4" type="stmt"/>
        <line num="5" count="3" type="stmt"/>
      </file>
    </package>
    <package name="src.dominio.orden.modelo">
      <metrics statements="29" coveredstatements="27" conditionals="6" coveredconditionals="5" methods="8" coveredmethods="7"/>
      <file name="orden.ts" path="C:\Users\sebastian.valdes\Desktop\ADN-Ceiba\BackEnd\src\dominio\orden\modelo\orden.ts">
        <metrics statements="29" coveredstatements="27" conditionals="6" coveredconditionals="5" methods="8" coveredmethods="7"/>
        <line num="1" count="4" type="stmt"/>
        <line num="2" count="4" type="stmt"/>
        <line num="4" count="4" type="stmt"/>
        <line num="5" count="4" type="stmt"/>
        <line num="6" count="4" type="stmt"/>
        <line num="8" count="4" type="stmt"/>
        <line num="9" count="8" type="stmt"/>
        <line num="10" count="8" type="stmt"/>
        <line num="11" count="8" type="stmt"/>
        <line num="12" count="8" type="stmt"/>
        <line num="13" count="8" type="stmt"/>
        <line num="16" count="8" type="stmt"/>
        <line num="17" count="6" type="stmt"/>
        <line num="18" count="6" type="stmt"/>
        <line num="19" count="6" type="stmt"/>
        <line num="20" count="6" type="stmt"/>
        <line num="21" count="6" type="stmt"/>
        <line num="22" count="6" type="stmt"/>
        <line num="28" count="8" type="stmt"/>
        <line num="30" count="8" type="cond" truecount="4" falsecount="0"/>
        <line num="31" count="2" type="stmt"/>
        <line num="39" count="6" type="stmt"/>
        <line num="40" count="6" type="cond" truecount="1" falsecount="1"/>
        <line num="41" count="0" type="stmt"/>
        <line num="47" count="1" type="stmt"/>
        <line num="51" count="4" type="stmt"/>
        <line num="55" count="0" type="stmt"/>
        <line num="59" count="4" type="stmt"/>
        <line num="63" count="4" type="stmt"/>
      </file>
    </package>
    <package name="src.dominio.orden.puerto.dao">
      <metrics statements="1" coveredstatements="1" conditionals="0" coveredconditionals="0" methods="0" coveredmethods="0"/>
      <file name="dao-orden.ts" path="C:\Users\sebastian.valdes\Desktop\ADN-Ceiba\BackEnd\src\dominio\orden\puerto\dao\dao-orden.ts">
        <metrics statements="1" coveredstatements="1" conditionals="0" coveredconditionals="0" methods="0" coveredmethods="0"/>
        <line num="3" count="1" type="stmt"/>
      </file>
    </package>
    <package name="src.dominio.orden.puerto.repositorio">
      <metrics statements="1" coveredstatements="1" conditionals="0" coveredconditionals="0" methods="0" coveredmethods="0"/>
      <file name="repositorio-orden.ts" path="C:\Users\sebastian.valdes\Desktop\ADN-Ceiba\BackEnd\src\dominio\orden\puerto\repositorio\repositorio-orden.ts">
        <metrics statements="1" coveredstatements="1" conditionals="0" coveredconditionals="0" methods="0" coveredmethods="0"/>
        <line num="3" count="1" type="stmt"/>
      </file>
    </package>
    <package name="src.dominio.orden.servicio">
      <metrics statements="18" coveredstatements="18" conditionals="6" coveredconditionals="6" methods="6" coveredmethods="6"/>
      <file name="servicio-actualizar-orden.ts" path="C:\Users\sebastian.valdes\Desktop\ADN-Ceiba\BackEnd\src\dominio\orden\servicio\servicio-actualizar-orden.ts">
        <metrics statements="6" coveredstatements="6" conditionals="2" coveredconditionals="2" methods="2" coveredmethods="2"/>
        <line num="3" count="2" type="stmt"/>
        <line num="5" count="2" type="stmt"/>
        <line num="7" count="3" type="stmt"/>
        <line num="11" count="2" type="cond" truecount="2" falsecount="0"/>
        <line num="12" count="1" type="stmt"/>
        <line num="16" count="1" type="stmt"/>
      </file>
      <file name="servicio-crear-orden.ts" path="C:\Users\sebastian.valdes\Desktop\ADN-Ceiba\BackEnd\src\dominio\orden\servicio\servicio-crear-orden.ts">
        <metrics statements="6" coveredstatements="6" conditionals="2" coveredconditionals="2" methods="2" coveredmethods="2"/>
        <line num="3" count="2" type="stmt"/>
        <line num="5" count="2" type="stmt"/>
        <line num="7" count="3" type="stmt"/>
        <line num="11" count="4" type="cond" truecount="2" falsecount="0"/>
        <line num="12" count="2" type="stmt"/>
        <line num="16" count="2" type="stmt"/>
      </file>
      <file name="servicio-eliminar-orden.ts" path="C:\Users\sebastian.valdes\Desktop\ADN-Ceiba\BackEnd\src\dominio\orden\servicio\servicio-eliminar-orden.ts">
        <metrics statements="6" coveredstatements="6" conditionals="2" coveredconditionals="2" methods="2" coveredmethods="2"/>
        <line num="2" count="2" type="stmt"/>
        <line num="4" count="2" type="stmt"/>
        <line num="6" count="3" type="stmt"/>
        <line num="10" count="2" type="cond" truecount="2" falsecount="0"/>
        <line num="11" count="1" type="stmt"/>
        <line num="15" count="1" type="stmt"/>
      </file>
    </package>
    <package name="src.infraestructura.configuracion">
      <metrics statements="3" coveredstatements="2" conditionals="0" coveredconditionals="0" methods="1" coveredmethods="0"/>
      <file name="ceiba-logger.service.ts" path="C:\Users\sebastian.valdes\Desktop\ADN-Ceiba\BackEnd\src\infraestructura\configuracion\ceiba-logger.service.ts">
        <metrics statements="3" coveredstatements="2" conditionals="0" coveredconditionals="0" methods="1" coveredmethods="0"/>
        <line num="1" count="1" type="stmt"/>
        <line num="4" count="1" type="stmt"/>
        <line num="7" count="0" type="stmt"/>
      </file>
    </package>
    <package name="src.infraestructura.excepciones">
      <metrics statements="13" coveredstatements="13" conditionals="0" coveredconditionals="0" methods="2" coveredmethods="2"/>
      <file name="filtro-excepciones-negocio.ts" path="C:\Users\sebastian.valdes\Desktop\ADN-Ceiba\BackEnd\src\infraestructura\excepciones\filtro-excepciones-negocio.ts">
        <metrics statements="13" coveredstatements="13" conditionals="0" coveredconditionals="0" methods="2" coveredmethods="2"/>
        <line num="1" count="1" type="stmt"/>
        <line num="3" count="1" type="stmt"/>
        <line num="5" count="1" type="stmt"/>
        <line num="8" count="1" type="stmt"/>
        <line num="10" count="1" type="stmt"/>
        <line num="11" count="1" type="stmt"/>
        <line num="15" count="2" type="stmt"/>
        <line num="16" count="2" type="stmt"/>
        <line num="17" count="2" type="stmt"/>
        <line num="19" count="2" type="stmt"/>
        <line num="21" count="2" type="stmt"/>
        <line num="28" count="2" type="stmt"/>
        <line num="29" count="2" type="stmt"/>
      </file>
    </package>
    <package name="src.infraestructura.orden.controlador">
      <metrics statements="25" coveredstatements="23" conditionals="0" coveredconditionals="0" methods="6" coveredmethods="4"/>
      <file name="orden.controlador.ts" path="C:\Users\sebastian.valdes\Desktop\ADN-Ceiba\BackEnd\src\infraestructura\orden\controlador\orden.controlador.ts">
        <metrics statements="25" coveredstatements="23" conditionals="0" coveredconditionals="0" methods="6" coveredmethods="4"/>
        <line num="1" count="1" type="stmt"/>
        <line num="2" count="1" type="stmt"/>
        <line num="3" count="1" type="stmt"/>
        <line num="4" count="1" type="stmt"/>
        <line num="5" count="1" type="stmt"/>
        <line num="6" count="1" type="stmt"/>
        <line num="7" count="1" type="stmt"/>
        <line num="8" count="1" type="stmt"/>
        <line num="9" count="1" type="stmt"/>
        <line num="13" count="1" type="stmt"/>
        <line num="15" count="1" type="stmt"/>
        <line num="16" count="1" type="stmt"/>
        <line num="17" count="1" type="stmt"/>
        <line num="18" count="1" type="stmt"/>
        <line num="19" count="1" type="stmt"/>
        <line num="24" count="1" type="stmt"/>
        <line num="25" count="1" type="stmt"/>
        <line num="29" count="1" type="stmt"/>
        <line num="30" count="1" type="stmt"/>
        <line num="35" count="1" type="stmt"/>
        <line num="36" count="3" type="stmt"/>
        <line num="41" count="1" type="stmt"/>
        <line num="42" count="0" type="stmt"/>
        <line num="45" count="1" type="stmt"/>
        <line num="46" count="0" type="stmt"/>
      </file>
    </package>
    <package name="src.infraestructura.orden.proveedor.servicio">
      <metrics statements="9" coveredstatements="9" conditionals="0" coveredconditionals="0" methods="3" coveredmethods="3"/>
      <file name="servicio-actualizar-orden.proveedor.ts" path="C:\Users\sebastian.valdes\Desktop\ADN-Ceiba\BackEnd\src\infraestructura\orden\proveedor\servicio\servicio-actualizar-orden.proveedor.ts">
        <metrics statements="3" coveredstatements="3" conditionals="0" coveredconditionals="0" methods="1" coveredmethods="1"/>
        <line num="2" count="1" type="stmt"/>
        <line num="4" count="1" type="stmt"/>
        <line num="5" count="1" type="stmt"/>
      </file>
      <file name="servicio-crear-orden.proveedor.ts" path="C:\Users\sebastian.valdes\Desktop\ADN-Ceiba\BackEnd\src\infraestructura\orden\proveedor\servicio\servicio-crear-orden.proveedor.ts">
        <metrics statements="3" coveredstatements="3" conditionals="0" coveredconditionals="0" methods="1" coveredmethods="1"/>
        <line num="2" count="1" type="stmt"/>
        <line num="4" count="1" type="stmt"/>
        <line num="5" count="1" type="stmt"/>
      </file>
      <file name="servicio-eliminar-orden.proveedor.ts" path="C:\Users\sebastian.valdes\Desktop\ADN-Ceiba\BackEnd\src\infraestructura\orden\proveedor\servicio\servicio-eliminar-orden.proveedor.ts">
        <metrics statements="3" coveredstatements="3" conditionals="0" coveredconditionals="0" methods="1" coveredmethods="1"/>
        <line num="2" count="1" type="stmt"/>
        <line num="4" count="1" type="stmt"/>
        <line num="5" count="1" type="stmt"/>
      </file>
    </package>
    <package name="test.tdb.orden">
      <metrics statements="18" coveredstatements="10" conditionals="0" coveredconditionals="0" methods="7" coveredmethods="3"/>
      <file name="orden-tdb.ts" path="C:\Users\sebastian.valdes\Desktop\ADN-Ceiba\BackEnd\test\tdb\orden\orden-tdb.ts">
        <metrics statements="18" coveredstatements="10" conditionals="0" coveredconditionals="0" methods="7" coveredmethods="3"/>
        <line num="1" count="4" type="stmt"/>
        <line num="3" count="4" type="stmt"/>
        <line num="11" count="6" type="stmt"/>
        <line num="12" count="6" type="stmt"/>
        <line num="13" count="6" type="stmt"/>
        <line num="14" count="6" type="stmt"/>
        <line num="15" count="6" type="stmt"/>
        <line num="19" count="0" type="stmt"/>
        <line num="20" count="0" type="stmt"/>
        <line num="23" count="0" type="stmt"/>
        <line num="24" count="0" type="stmt"/>
        <line num="27" count="0" type="stmt"/>
        <line num="28" count="0" type="stmt"/>
        <line num="31" count="0" type="stmt"/>
        <line num="32" count="0" type="stmt"/>
        <line num="35" count="5" type="stmt"/>
        <line num="36" count="5" type="stmt"/>
        <line num="40" count="5" type="stmt"/>
      </file>
    </package>
    <package name="test.util">
      <metrics statements="8" coveredstatements="8" conditionals="2" coveredconditionals="2" methods="2" coveredmethods="2"/>
      <file name="create-object.stub.ts" path="C:\Users\sebastian.valdes\Desktop\ADN-Ceiba\BackEnd\test\util\create-object.stub.ts">
        <metrics statements="8" coveredstatements="8" conditionals="2" coveredconditionals="2" methods="2" coveredmethods="2"/>
        <line num="1" count="4" type="stmt"/>
        <line num="14" count="4" type="stmt"/>
        <line num="16" count="8" type="cond" truecount="2" falsecount="0"/>
        <line num="17" count="2" type="stmt"/>
        <line num="19" count="6" type="stmt"/>
        <line num="21" count="8" type="stmt"/>
        <line num="22" count="19" type="stmt"/>
        <line num="23" count="8" type="stmt"/>
      </file>
    </package>
  </project>
</coverage>
