{"C:\\Users\\sebastian.valdes\\Desktop\\ADN-Ceiba\\BackEnd\\src\\aplicacion\\orden\\comando\\actualizar-orden.comando.ts": {"path":"C:\\Users\\sebastian.valdes\\Desktop\\ADN-Ceiba\\BackEnd\\src\\aplicacion\\orden\\comando\\actualizar-orden.comando.ts","statementMap":{"0":{"start":{"line":1,"column":0},"end":{"line":1,"column":53}},"1":{"start":{"line":2,"column":0},"end":{"line":2,"column":46}},"2":{"start":{"line":7,"column":2},"end":{"line":7,"column":null}},"3":{"start":{"line":11,"column":2},"end":{"line":11,"column":null}},"4":{"start":{"line":15,"column":2},"end":{"line":15,"column":null}},"5":{"start":{"line":19,"column":2},"end":{"line":19,"column":null}},"6":{"start":{"line":23,"column":2},"end":{"line":23,"column":null}},"7":{"start":{"line":4,"column":0},"end":{"line":4,"column":13}}},"fnMap":{},"branchMap":{},"s":{"0":1,"1":1,"2":1,"3":1,"4":1,"5":1,"6":1,"7":1},"f":{},"b":{}}
,"C:\\Users\\sebastian.valdes\\Desktop\\ADN-Ceiba\\BackEnd\\src\\aplicacion\\orden\\comando\\actualizar-orden.manejador.ts": {"path":"C:\\Users\\sebastian.valdes\\Desktop\\ADN-Ceiba\\BackEnd\\src\\aplicacion\\orden\\comando\\actualizar-orden.manejador.ts","statementMap":{"0":{"start":{"line":1,"column":0},"end":{"line":1,"column":44}},"1":{"start":{"line":2,"column":0},"end":{"line":2,"column":95}},"2":{"start":{"line":4,"column":0},"end":{"line":4,"column":55}},"3":{"start":{"line":7,"column":0},"end":{"line":21,"column":null}},"4":{"start":{"line":8,"column":22},"end":{"line":8,"column":47}},"5":{"start":{"line":11,"column":4},"end":{"line":19,"column":6}},"6":{"start":{"line":7,"column":13},"end":{"line":21,"column":null}},"7":{"start":{"line":7,"column":13},"end":{"line":7,"column":37}}},"fnMap":{"0":{"name":"(anonymous_2)","decl":{"start":{"line":8,"column":2},"end":{"line":8,"column":22}},"loc":{"start":{"line":8,"column":70},"end":{"line":8,"column":75}}},"1":{"name":"(anonymous_3)","decl":{"start":{"line":10,"column":2},"end":{"line":10,"column":7}},"loc":{"start":{"line":10,"column":75},"end":{"line":20,"column":3}}}},"branchMap":{},"s":{"0":1,"1":1,"2":1,"3":1,"4":1,"5":0,"6":1,"7":1},"f":{"0":1,"1":0},"b":{}}
,"C:\\Users\\sebastian.valdes\\Desktop\\ADN-Ceiba\\BackEnd\\src\\aplicacion\\orden\\comando\\crear-orden.comando.ts": {"path":"C:\\Users\\sebastian.valdes\\Desktop\\ADN-Ceiba\\BackEnd\\src\\aplicacion\\orden\\comando\\crear-orden.comando.ts","statementMap":{"0":{"start":{"line":1,"column":0},"end":{"line":1,"column":53}},"1":{"start":{"line":2,"column":0},"end":{"line":2,"column":46}},"2":{"start":{"line":7,"column":2},"end":{"line":7,"column":null}},"3":{"start":{"line":11,"column":2},"end":{"line":11,"column":null}},"4":{"start":{"line":15,"column":2},"end":{"line":15,"column":null}},"5":{"start":{"line":19,"column":2},"end":{"line":19,"column":null}},"6":{"start":{"line":23,"column":2},"end":{"line":23,"column":null}},"7":{"start":{"line":4,"column":0},"end":{"line":4,"column":13}}},"fnMap":{},"branchMap":{},"s":{"0":1,"1":1,"2":1,"3":1,"4":1,"5":1,"6":1,"7":1},"f":{},"b":{}}
,"C:\\Users\\sebastian.valdes\\Desktop\\ADN-Ceiba\\BackEnd\\src\\aplicacion\\orden\\comando\\crear-orden.manejador.ts": {"path":"C:\\Users\\sebastian.valdes\\Desktop\\ADN-Ceiba\\BackEnd\\src\\aplicacion\\orden\\comando\\crear-orden.manejador.ts","statementMap":{"0":{"start":{"line":1,"column":0},"end":{"line":1,"column":44}},"1":{"start":{"line":2,"column":0},"end":{"line":2,"column":85}},"2":{"start":{"line":4,"column":0},"end":{"line":4,"column":55}},"3":{"start":{"line":7,"column":0},"end":{"line":21,"column":null}},"4":{"start":{"line":8,"column":22},"end":{"line":8,"column":42}},"5":{"start":{"line":11,"column":4},"end":{"line":19,"column":6}},"6":{"start":{"line":7,"column":13},"end":{"line":21,"column":null}},"7":{"start":{"line":7,"column":13},"end":{"line":7,"column":32}}},"fnMap":{"0":{"name":"(anonymous_2)","decl":{"start":{"line":8,"column":2},"end":{"line":8,"column":22}},"loc":{"start":{"line":8,"column":60},"end":{"line":8,"column":65}}},"1":{"name":"(anonymous_3)","decl":{"start":{"line":10,"column":2},"end":{"line":10,"column":7}},"loc":{"start":{"line":10,"column":53},"end":{"line":20,"column":3}}}},"branchMap":{},"s":{"0":1,"1":1,"2":1,"3":1,"4":1,"5":3,"6":1,"7":1},"f":{"0":1,"1":3},"b":{}}
,"C:\\Users\\sebastian.valdes\\Desktop\\ADN-Ceiba\\BackEnd\\src\\aplicacion\\orden\\comando\\eliminar-orden.comando.ts": {"path":"C:\\Users\\sebastian.valdes\\Desktop\\ADN-Ceiba\\BackEnd\\src\\aplicacion\\orden\\comando\\eliminar-orden.comando.ts","statementMap":{"0":{"start":{"line":1,"column":0},"end":{"line":1,"column":46}},"1":{"start":{"line":5,"column":2},"end":{"line":5,"column":null}},"2":{"start":{"line":3,"column":0},"end":{"line":3,"column":13}}},"fnMap":{},"branchMap":{},"s":{"0":1,"1":1,"2":1},"f":{},"b":{}}
,"C:\\Users\\sebastian.valdes\\Desktop\\ADN-Ceiba\\BackEnd\\src\\aplicacion\\orden\\comando\\eliminar-orden.manejador.ts": {"path":"C:\\Users\\sebastian.valdes\\Desktop\\ADN-Ceiba\\BackEnd\\src\\aplicacion\\orden\\comando\\eliminar-orden.manejador.ts","statementMap":{"0":{"start":{"line":1,"column":0},"end":{"line":1,"column":44}},"1":{"start":{"line":3,"column":0},"end":{"line":3,"column":91}},"2":{"start":{"line":6,"column":0},"end":{"line":12,"column":null}},"3":{"start":{"line":7,"column":22},"end":{"line":7,"column":45}},"4":{"start":{"line":10,"column":4},"end":{"line":10,"column":null}},"5":{"start":{"line":6,"column":13},"end":{"line":12,"column":null}},"6":{"start":{"line":6,"column":13},"end":{"line":6,"column":35}}},"fnMap":{"0":{"name":"(anonymous_2)","decl":{"start":{"line":7,"column":2},"end":{"line":7,"column":22}},"loc":{"start":{"line":7,"column":66},"end":{"line":7,"column":71}}},"1":{"name":"(anonymous_3)","decl":{"start":{"line":9,"column":2},"end":{"line":9,"column":7}},"loc":{"start":{"line":9,"column":59},"end":{"line":11,"column":3}}}},"branchMap":{},"s":{"0":1,"1":1,"2":1,"3":1,"4":0,"5":1,"6":1},"f":{"0":1,"1":0},"b":{}}
,"C:\\Users\\sebastian.valdes\\Desktop\\ADN-Ceiba\\BackEnd\\src\\aplicacion\\orden\\consulta\\listar-orden.manejador.ts": {"path":"C:\\Users\\sebastian.valdes\\Desktop\\ADN-Ceiba\\BackEnd\\src\\aplicacion\\orden\\consulta\\listar-orden.manejador.ts","statementMap":{"0":{"start":{"line":1,"column":0},"end":{"line":1,"column":44}},"1":{"start":{"line":3,"column":0},"end":{"line":3,"column":66}},"2":{"start":{"line":7,"column":0},"end":{"line":13,"column":null}},"3":{"start":{"line":8,"column":22},"end":{"line":8,"column":32}},"4":{"start":{"line":11,"column":4},"end":{"line":11,"column":41}},"5":{"start":{"line":7,"column":13},"end":{"line":13,"column":null}},"6":{"start":{"line":7,"column":13},"end":{"line":7,"column":33}}},"fnMap":{"0":{"name":"(anonymous_2)","decl":{"start":{"line":8,"column":2},"end":{"line":8,"column":22}},"loc":{"start":{"line":8,"column":40},"end":{"line":8,"column":45}}},"1":{"name":"(anonymous_3)","decl":{"start":{"line":10,"column":2},"end":{"line":10,"column":7}},"loc":{"start":{"line":10,"column":27},"end":{"line":12,"column":3}}}},"branchMap":{},"s":{"0":1,"1":1,"2":1,"3":1,"4":1,"5":1,"6":1},"f":{"0":1,"1":1},"b":{}}
,"C:\\Users\\sebastian.valdes\\Desktop\\ADN-Ceiba\\BackEnd\\src\\aplicacion\\orden\\consulta\\listar-ordenes.manejador.ts": {"path":"C:\\Users\\sebastian.valdes\\Desktop\\ADN-Ceiba\\BackEnd\\src\\aplicacion\\orden\\consulta\\listar-ordenes.manejador.ts","statementMap":{"0":{"start":{"line":1,"column":0},"end":{"line":1,"column":44}},"1":{"start":{"line":3,"column":0},"end":{"line":3,"column":66}},"2":{"start":{"line":7,"column":0},"end":{"line":13,"column":null}},"3":{"start":{"line":8,"column":22},"end":{"line":8,"column":32}},"4":{"start":{"line":11,"column":4},"end":{"line":11,"column":41}},"5":{"start":{"line":7,"column":13},"end":{"line":13,"column":null}},"6":{"start":{"line":7,"column":13},"end":{"line":7,"column":35}}},"fnMap":{"0":{"name":"(anonymous_2)","decl":{"start":{"line":8,"column":2},"end":{"line":8,"column":22}},"loc":{"start":{"line":8,"column":40},"end":{"line":8,"column":45}}},"1":{"name":"(anonymous_3)","decl":{"start":{"line":10,"column":2},"end":{"line":10,"column":7}},"loc":{"start":{"line":10,"column":16},"end":{"line":12,"column":3}}}},"branchMap":{},"s":{"0":1,"1":1,"2":1,"3":1,"4":1,"5":1,"6":1},"f":{"0":1,"1":1},"b":{}}
,"C:\\Users\\sebastian.valdes\\Desktop\\ADN-Ceiba\\BackEnd\\src\\dominio\\errores\\error-de-negocio.ts": {"path":"C:\\Users\\sebastian.valdes\\Desktop\\ADN-Ceiba\\BackEnd\\src\\dominio\\errores\\error-de-negocio.ts","statementMap":{"0":{"start":{"line":3,"column":4},"end":{"line":3,"column":19}},"1":{"start":{"line":4,"column":4},"end":{"line":4,"column":45}},"2":{"start":{"line":1,"column":0},"end":{"line":1,"column":13}}},"fnMap":{"0":{"name":"(anonymous_0)","decl":{"start":{"line":2,"column":2},"end":{"line":2,"column":14}},"loc":{"start":{"line":2,"column":45},"end":{"line":5,"column":3}}}},"branchMap":{"0":{"loc":{"start":{"line":4,"column":16},"end":{"line":4,"column":21}},"type":"binary-expr","locations":[{"start":{"line":4,"column":16},"end":{"line":4,"column":21}},{"start":{"line":4,"column":25},"end":{"line":4,"column":44}}]}},"s":{"0":7,"1":7,"2":5},"f":{"0":7},"b":{"0":[7,4]}}
,"C:\\Users\\sebastian.valdes\\Desktop\\ADN-Ceiba\\BackEnd\\src\\dominio\\errores\\error-franja-horaria.ts": {"path":"C:\\Users\\sebastian.valdes\\Desktop\\ADN-Ceiba\\BackEnd\\src\\dominio\\errores\\error-franja-horaria.ts","statementMap":{"0":{"start":{"line":1,"column":0},"end":{"line":1,"column":52}},"1":{"start":{"line":5,"column":4},"end":{"line":5,"column":44}},"2":{"start":{"line":3,"column":0},"end":{"line":3,"column":13}}},"fnMap":{"0":{"name":"(anonymous_0)","decl":{"start":{"line":4,"column":2},"end":{"line":4,"column":14}},"loc":{"start":{"line":4,"column":29},"end":{"line":6,"column":3}}}},"branchMap":{},"s":{"0":4,"1":0,"2":4},"f":{"0":0},"b":{}}
,"C:\\Users\\sebastian.valdes\\Desktop\\ADN-Ceiba\\BackEnd\\src\\dominio\\errores\\error-horario-laboral.ts": {"path":"C:\\Users\\sebastian.valdes\\Desktop\\ADN-Ceiba\\BackEnd\\src\\dominio\\errores\\error-horario-laboral.ts","statementMap":{"0":{"start":{"line":1,"column":0},"end":{"line":1,"column":52}},"1":{"start":{"line":5,"column":4},"end":{"line":5,"column":45}},"2":{"start":{"line":3,"column":0},"end":{"line":3,"column":13}}},"fnMap":{"0":{"name":"(anonymous_0)","decl":{"start":{"line":4,"column":2},"end":{"line":4,"column":14}},"loc":{"start":{"line":4,"column":29},"end":{"line":6,"column":3}}}},"branchMap":{},"s":{"0":4,"1":3,"2":4},"f":{"0":3},"b":{}}
,"C:\\Users\\sebastian.valdes\\Desktop\\ADN-Ceiba\\BackEnd\\src\\dominio\\orden\\modelo\\orden.ts": {"path":"C:\\Users\\sebastian.valdes\\Desktop\\ADN-Ceiba\\BackEnd\\src\\dominio\\orden\\modelo\\orden.ts","statementMap":{"0":{"start":{"line":1,"column":0},"end":{"line":1,"column":73}},"1":{"start":{"line":2,"column":0},"end":{"line":2,"column":71}},"2":{"start":{"line":4,"column":21},"end":{"line":4,"column":22}},"3":{"start":{"line":5,"column":19},"end":{"line":5,"column":21}},"4":{"start":{"line":6,"column":24},"end":{"line":6,"column":47}},"5":{"start":{"line":9,"column":2},"end":{"line":9,"column":34}},"6":{"start":{"line":10,"column":2},"end":{"line":10,"column":33}},"7":{"start":{"line":11,"column":2},"end":{"line":11,"column":32}},"8":{"start":{"line":12,"column":2},"end":{"line":12,"column":31}},"9":{"start":{"line":13,"column":2},"end":{"line":13,"column":32}},"10":{"start":{"line":16,"column":4},"end":{"line":16,"column":37}},"11":{"start":{"line":17,"column":4},"end":{"line":17,"column":39}},"12":{"start":{"line":18,"column":4},"end":{"line":18,"column":40}},"13":{"start":{"line":19,"column":4},"end":{"line":19,"column":38}},"14":{"start":{"line":20,"column":4},"end":{"line":20,"column":50}},"15":{"start":{"line":21,"column":4},"end":{"line":21,"column":48}},"16":{"start":{"line":22,"column":4},"end":{"line":22,"column":36}},"17":{"start":{"line":28,"column":26},"end":{"line":28,"column":52}},"18":{"start":{"line":30,"column":4},"end":{"line":32,"column":null}},"19":{"start":{"line":31,"column":6},"end":{"line":31,"column":null}},"20":{"start":{"line":39,"column":28},"end":{"line":39,"column":46}},"21":{"start":{"line":40,"column":4},"end":{"line":42,"column":null}},"22":{"start":{"line":41,"column":6},"end":{"line":41,"column":null}},"23":{"start":{"line":47,"column":4},"end":{"line":47,"column":31}},"24":{"start":{"line":51,"column":4},"end":{"line":51,"column":30}},"25":{"start":{"line":55,"column":4},"end":{"line":55,"column":31}},"26":{"start":{"line":59,"column":4},"end":{"line":59,"column":30}},"27":{"start":{"line":63,"column":4},"end":{"line":63,"column":29}},"28":{"start":{"line":8,"column":0},"end":{"line":8,"column":13}}},"fnMap":{"0":{"name":"(anonymous_2)","decl":{"start":{"line":15,"column":2},"end":{"line":15,"column":14}},"loc":{"start":{"line":15,"column":119},"end":{"line":23,"column":3}}},"1":{"name":"(anonymous_3)","decl":{"start":{"line":26,"column":10},"end":{"line":26,"column":24}},"loc":{"start":{"line":26,"column":37},"end":{"line":34,"column":3}}},"2":{"name":"(anonymous_4)","decl":{"start":{"line":37,"column":10},"end":{"line":37,"column":26}},"loc":{"start":{"line":37,"column":39},"end":{"line":44,"column":3}}},"3":{"name":"(anonymous_5)","decl":{"start":{"line":46,"column":2},"end":{"line":46,"column":6}},"loc":{"start":{"line":46,"column":19},"end":{"line":48,"column":3}}},"4":{"name":"(anonymous_6)","decl":{"start":{"line":50,"column":2},"end":{"line":50,"column":6}},"loc":{"start":{"line":50,"column":18},"end":{"line":52,"column":3}}},"5":{"name":"(anonymous_7)","decl":{"start":{"line":54,"column":2},"end":{"line":54,"column":6}},"loc":{"start":{"line":54,"column":19},"end":{"line":56,"column":3}}},"6":{"name":"(anonymous_8)","decl":{"start":{"line":58,"column":2},"end":{"line":58,"column":6}},"loc":{"start":{"line":58,"column":18},"end":{"line":60,"column":3}}},"7":{"name":"(anonymous_9)","decl":{"start":{"line":62,"column":2},"end":{"line":62,"column":6}},"loc":{"start":{"line":62,"column":17},"end":{"line":64,"column":3}}}},"branchMap":{"0":{"loc":{"start":{"line":30,"column":4},"end":{"line":32,"column":null}},"type":"if","locations":[{"start":{"line":30,"column":4},"end":{"line":32,"column":null}},{"start":{"line":30,"column":4},"end":{"line":32,"column":null}}]},"1":{"loc":{"start":{"line":30,"column":8},"end":{"line":30,"column":37}},"type":"binary-expr","locations":[{"start":{"line":30,"column":8},"end":{"line":30,"column":37}},{"start":{"line":30,"column":41},"end":{"line":30,"column":68}}]},"2":{"loc":{"start":{"line":40,"column":4},"end":{"line":42,"column":null}},"type":"if","locations":[{"start":{"line":40,"column":4},"end":{"line":42,"column":null}},{"start":{"line":40,"column":4},"end":{"line":42,"column":null}}]}},"s":{"0":4,"1":4,"2":4,"3":4,"4":4,"5":8,"6":8,"7":8,"8":8,"9":8,"10":8,"11":6,"12":6,"13":6,"14":6,"15":6,"16":6,"17":8,"18":8,"19":2,"20":6,"21":6,"22":0,"23":1,"24":4,"25":0,"26":4,"27":4,"28":4},"f":{"0":8,"1":8,"2":6,"3":1,"4":4,"5":0,"6":4,"7":4},"b":{"0":[2,6],"1":[8,8],"2":[0,6]}}
,"C:\\Users\\sebastian.valdes\\Desktop\\ADN-Ceiba\\BackEnd\\src\\dominio\\orden\\puerto\\dao\\dao-orden.ts": {"path":"C:\\Users\\sebastian.valdes\\Desktop\\ADN-Ceiba\\BackEnd\\src\\dominio\\orden\\puerto\\dao\\dao-orden.ts","statementMap":{"0":{"start":{"line":3,"column":0},"end":{"line":3,"column":22}}},"fnMap":{},"branchMap":{},"s":{"0":1},"f":{},"b":{}}
,"C:\\Users\\sebastian.valdes\\Desktop\\ADN-Ceiba\\BackEnd\\src\\dominio\\orden\\puerto\\repositorio\\repositorio-orden.ts": {"path":"C:\\Users\\sebastian.valdes\\Desktop\\ADN-Ceiba\\BackEnd\\src\\dominio\\orden\\puerto\\repositorio\\repositorio-orden.ts","statementMap":{"0":{"start":{"line":3,"column":0},"end":{"line":3,"column":22}}},"fnMap":{},"branchMap":{},"s":{"0":1},"f":{},"b":{}}
,"C:\\Users\\sebastian.valdes\\Desktop\\ADN-Ceiba\\BackEnd\\src\\dominio\\orden\\servicio\\servicio-actualizar-orden.ts": {"path":"C:\\Users\\sebastian.valdes\\Desktop\\ADN-Ceiba\\BackEnd\\src\\dominio\\orden\\servicio\\servicio-actualizar-orden.ts","statementMap":{"0":{"start":{"line":3,"column":0},"end":{"line":3,"column":70}},"1":{"start":{"line":7,"column":31},"end":{"line":7,"column":65}},"2":{"start":{"line":11,"column":4},"end":{"line":15,"column":null}},"3":{"start":{"line":12,"column":6},"end":{"line":14,"column":8}},"4":{"start":{"line":16,"column":4},"end":{"line":16,"column":54}},"5":{"start":{"line":5,"column":0},"end":{"line":5,"column":13}}},"fnMap":{"0":{"name":"(anonymous_0)","decl":{"start":{"line":7,"column":2},"end":{"line":7,"column":31}},"loc":{"start":{"line":7,"column":65},"end":{"line":8,"column":3}}},"1":{"name":"(anonymous_1)","decl":{"start":{"line":10,"column":2},"end":{"line":10,"column":7}},"loc":{"start":{"line":10,"column":41},"end":{"line":17,"column":3}}}},"branchMap":{"0":{"loc":{"start":{"line":11,"column":4},"end":{"line":15,"column":null}},"type":"if","locations":[{"start":{"line":11,"column":4},"end":{"line":15,"column":null}},{"start":{"line":11,"column":4},"end":{"line":15,"column":null}}]}},"s":{"0":2,"1":3,"2":2,"3":1,"4":1,"5":2},"f":{"0":3,"1":2},"b":{"0":[1,1]}}
,"C:\\Users\\sebastian.valdes\\Desktop\\ADN-Ceiba\\BackEnd\\src\\dominio\\orden\\servicio\\servicio-crear-orden.ts": {"path":"C:\\Users\\sebastian.valdes\\Desktop\\ADN-Ceiba\\BackEnd\\src\\dominio\\orden\\servicio\\servicio-crear-orden.ts","statementMap":{"0":{"start":{"line":3,"column":0},"end":{"line":3,"column":70}},"1":{"start":{"line":7,"column":31},"end":{"line":7,"column":65}},"2":{"start":{"line":11,"column":4},"end":{"line":15,"column":null}},"3":{"start":{"line":12,"column":6},"end":{"line":14,"column":8}},"4":{"start":{"line":16,"column":4},"end":{"line":16,"column":47}},"5":{"start":{"line":5,"column":0},"end":{"line":5,"column":13}}},"fnMap":{"0":{"name":"(anonymous_0)","decl":{"start":{"line":7,"column":2},"end":{"line":7,"column":31}},"loc":{"start":{"line":7,"column":65},"end":{"line":8,"column":3}}},"1":{"name":"(anonymous_1)","decl":{"start":{"line":10,"column":2},"end":{"line":10,"column":7}},"loc":{"start":{"line":10,"column":29},"end":{"line":17,"column":3}}}},"branchMap":{"0":{"loc":{"start":{"line":11,"column":4},"end":{"line":15,"column":null}},"type":"if","locations":[{"start":{"line":11,"column":4},"end":{"line":15,"column":null}},{"start":{"line":11,"column":4},"end":{"line":15,"column":null}}]}},"s":{"0":2,"1":3,"2":4,"3":2,"4":2,"5":2},"f":{"0":3,"1":4},"b":{"0":[2,2]}}
,"C:\\Users\\sebastian.valdes\\Desktop\\ADN-Ceiba\\BackEnd\\src\\dominio\\orden\\servicio\\servicio-eliminar-orden.ts": {"path":"C:\\Users\\sebastian.valdes\\Desktop\\ADN-Ceiba\\BackEnd\\src\\dominio\\orden\\servicio\\servicio-eliminar-orden.ts","statementMap":{"0":{"start":{"line":2,"column":0},"end":{"line":2,"column":70}},"1":{"start":{"line":6,"column":31},"end":{"line":6,"column":65}},"2":{"start":{"line":10,"column":4},"end":{"line":14,"column":null}},"3":{"start":{"line":11,"column":6},"end":{"line":13,"column":8}},"4":{"start":{"line":15,"column":4},"end":{"line":15,"column":45}},"5":{"start":{"line":4,"column":0},"end":{"line":4,"column":13}}},"fnMap":{"0":{"name":"(anonymous_0)","decl":{"start":{"line":6,"column":2},"end":{"line":6,"column":31}},"loc":{"start":{"line":6,"column":65},"end":{"line":7,"column":3}}},"1":{"name":"(anonymous_1)","decl":{"start":{"line":9,"column":2},"end":{"line":9,"column":7}},"loc":{"start":{"line":9,"column":27},"end":{"line":16,"column":3}}}},"branchMap":{"0":{"loc":{"start":{"line":10,"column":4},"end":{"line":14,"column":null}},"type":"if","locations":[{"start":{"line":10,"column":4},"end":{"line":14,"column":null}},{"start":{"line":10,"column":4},"end":{"line":14,"column":null}}]}},"s":{"0":2,"1":3,"2":2,"3":1,"4":1,"5":2},"f":{"0":3,"1":2},"b":{"0":[1,1]}}
,"C:\\Users\\sebastian.valdes\\Desktop\\ADN-Ceiba\\BackEnd\\src\\infraestructura\\configuracion\\ceiba-logger.service.ts": {"path":"C:\\Users\\sebastian.valdes\\Desktop\\ADN-Ceiba\\BackEnd\\src\\infraestructura\\configuracion\\ceiba-logger.service.ts","statementMap":{"0":{"start":{"line":1,"column":0},"end":{"line":1,"column":59}},"1":{"start":{"line":4,"column":0},"end":{"line":10,"column":null}},"2":{"start":{"line":7,"column":4},"end":{"line":7,"column":78}},"3":{"start":{"line":4,"column":13},"end":{"line":10,"column":null}},"4":{"start":{"line":4,"column":13},"end":{"line":4,"column":22}}},"fnMap":{"0":{"name":"(anonymous_1)","decl":{"start":{"line":6,"column":9},"end":{"line":6,"column":20}},"loc":{"start":{"line":6,"column":33},"end":{"line":8,"column":3}}}},"branchMap":{},"s":{"0":1,"1":1,"2":0,"3":1,"4":1},"f":{"0":0},"b":{}}
,"C:\\Users\\sebastian.valdes\\Desktop\\ADN-Ceiba\\BackEnd\\src\\infraestructura\\excepciones\\filtro-excepciones-negocio.ts": {"path":"C:\\Users\\sebastian.valdes\\Desktop\\ADN-Ceiba\\BackEnd\\src\\infraestructura\\excepciones\\filtro-excepciones-negocio.ts","statementMap":{"0":{"start":{"line":1,"column":0},"end":{"line":1,"column":83}},"1":{"start":{"line":3,"column":0},"end":{"line":3,"column":70}},"2":{"start":{"line":5,"column":0},"end":{"line":5,"column":66}},"3":{"start":{"line":8,"column":39},"end":{"line":31,"column":null}},"4":{"start":{"line":10,"column":31},"end":{"line":10,"column":39}},"5":{"start":{"line":11,"column":4},"end":{"line":11,"column":60}},"6":{"start":{"line":15,"column":16},"end":{"line":15,"column":35}},"7":{"start":{"line":16,"column":21},"end":{"line":16,"column":48}},"8":{"start":{"line":17,"column":20},"end":{"line":17,"column":45}},"9":{"start":{"line":19,"column":23},"end":{"line":19,"column":45}},"10":{"start":{"line":21,"column":29},"end":{"line":26,"column":6}},"11":{"start":{"line":28,"column":4},"end":{"line":28,"column":35}},"12":{"start":{"line":29,"column":4},"end":{"line":29,"column":46}},"13":{"start":{"line":8,"column":13},"end":{"line":31,"column":null}},"14":{"start":{"line":8,"column":13},"end":{"line":8,"column":39}}},"fnMap":{"0":{"name":"(anonymous_2)","decl":{"start":{"line":10,"column":2},"end":{"line":10,"column":31}},"loc":{"start":{"line":10,"column":48},"end":{"line":12,"column":3}}},"1":{"name":"(anonymous_3)","decl":{"start":{"line":14,"column":2},"end":{"line":14,"column":7}},"loc":{"start":{"line":14,"column":50},"end":{"line":30,"column":3}}}},"branchMap":{},"s":{"0":1,"1":1,"2":1,"3":1,"4":1,"5":1,"6":2,"7":2,"8":2,"9":2,"10":2,"11":2,"12":2,"13":1,"14":1},"f":{"0":1,"1":2},"b":{}}
,"C:\\Users\\sebastian.valdes\\Desktop\\ADN-Ceiba\\BackEnd\\src\\infraestructura\\orden\\controlador\\orden.controlador.ts": {"path":"C:\\Users\\sebastian.valdes\\Desktop\\ADN-Ceiba\\BackEnd\\src\\infraestructura\\orden\\controlador\\orden.controlador.ts","statementMap":{"0":{"start":{"line":1,"column":0},"end":{"line":1,"column":107}},"1":{"start":{"line":2,"column":0},"end":{"line":2,"column":85}},"2":{"start":{"line":3,"column":0},"end":{"line":3,"column":89}},"3":{"start":{"line":4,"column":0},"end":{"line":4,"column":95}},"4":{"start":{"line":5,"column":0},"end":{"line":5,"column":99}},"5":{"start":{"line":6,"column":0},"end":{"line":6,"column":91}},"6":{"start":{"line":7,"column":0},"end":{"line":7,"column":95}},"7":{"start":{"line":8,"column":0},"end":{"line":8,"column":96}},"8":{"start":{"line":9,"column":0},"end":{"line":9,"column":92}},"9":{"start":{"line":13,"column":0},"end":{"line":48,"column":null}},"10":{"start":{"line":15,"column":21},"end":{"line":15,"column":45}},"11":{"start":{"line":16,"column":21},"end":{"line":16,"column":43}},"12":{"start":{"line":17,"column":21},"end":{"line":17,"column":42}},"13":{"start":{"line":18,"column":21},"end":{"line":18,"column":47}},"14":{"start":{"line":19,"column":21},"end":{"line":19,"column":45}},"15":{"start":{"line":25,"column":4},"end":{"line":25,"column":50}},"16":{"start":{"line":30,"column":4},"end":{"line":30,"column":50}},"17":{"start":{"line":36,"column":4},"end":{"line":36,"column":63}},"18":{"start":{"line":42,"column":4},"end":{"line":42,"column":78}},"19":{"start":{"line":46,"column":4},"end":{"line":46,"column":70}},"20":{"start":{"line":24,"column":2},"end":{"line":26,"column":null}},"21":{"start":{"line":29,"column":2},"end":{"line":31,"column":null}},"22":{"start":{"line":35,"column":2},"end":{"line":37,"column":null}},"23":{"start":{"line":41,"column":2},"end":{"line":43,"column":null}},"24":{"start":{"line":45,"column":2},"end":{"line":47,"column":null}},"25":{"start":{"line":13,"column":13},"end":{"line":48,"column":null}},"26":{"start":{"line":13,"column":13},"end":{"line":13,"column":29}}},"fnMap":{"0":{"name":"(anonymous_4)","decl":{"start":{"line":14,"column":2},"end":{"line":14,"column":null}},"loc":{"start":{"line":19,"column":67},"end":{"line":20,"column":7}}},"1":{"name":"(anonymous_5)","decl":{"start":{"line":24,"column":2},"end":{"line":24,"column":7}},"loc":{"start":{"line":24,"column":14},"end":{"line":26,"column":3}}},"2":{"name":"(anonymous_6)","decl":{"start":{"line":29,"column":2},"end":{"line":29,"column":7}},"loc":{"start":{"line":29,"column":42},"end":{"line":31,"column":3}}},"3":{"name":"(anonymous_7)","decl":{"start":{"line":35,"column":2},"end":{"line":35,"column":7}},"loc":{"start":{"line":35,"column":58},"end":{"line":37,"column":3}}},"4":{"name":"(anonymous_8)","decl":{"start":{"line":41,"column":2},"end":{"line":41,"column":7}},"loc":{"start":{"line":41,"column":98},"end":{"line":43,"column":3}}},"5":{"name":"(anonymous_9)","decl":{"start":{"line":45,"column":2},"end":{"line":45,"column":7}},"loc":{"start":{"line":45,"column":72},"end":{"line":47,"column":3}}}},"branchMap":{},"s":{"0":1,"1":1,"2":1,"3":1,"4":1,"5":1,"6":1,"7":1,"8":1,"9":1,"10":1,"11":1,"12":1,"13":1,"14":1,"15":1,"16":1,"17":3,"18":0,"19":0,"20":1,"21":1,"22":1,"23":1,"24":1,"25":1,"26":1},"f":{"0":1,"1":1,"2":1,"3":3,"4":0,"5":0},"b":{}}
,"C:\\Users\\sebastian.valdes\\Desktop\\ADN-Ceiba\\BackEnd\\src\\infraestructura\\orden\\proveedor\\servicio\\servicio-actualizar-orden.proveedor.ts": {"path":"C:\\Users\\sebastian.valdes\\Desktop\\ADN-Ceiba\\BackEnd\\src\\infraestructura\\orden\\proveedor\\servicio\\servicio-actualizar-orden.proveedor.ts","statementMap":{"0":{"start":{"line":2,"column":0},"end":{"line":2,"column":95}},"1":{"start":{"line":5,"column":2},"end":{"line":5,"column":55}},"2":{"start":{"line":4,"column":0},"end":{"line":4,"column":16}}},"fnMap":{"0":{"name":"servicioActualizarOrdenProveedor","decl":{"start":{"line":4,"column":16},"end":{"line":4,"column":48}},"loc":{"start":{"line":4,"column":83},"end":{"line":6,"column":1}}}},"branchMap":{},"s":{"0":1,"1":1,"2":1},"f":{"0":1},"b":{}}
,"C:\\Users\\sebastian.valdes\\Desktop\\ADN-Ceiba\\BackEnd\\src\\infraestructura\\orden\\proveedor\\servicio\\servicio-crear-orden.proveedor.ts": {"path":"C:\\Users\\sebastian.valdes\\Desktop\\ADN-Ceiba\\BackEnd\\src\\infraestructura\\orden\\proveedor\\servicio\\servicio-crear-orden.proveedor.ts","statementMap":{"0":{"start":{"line":2,"column":0},"end":{"line":2,"column":85}},"1":{"start":{"line":5,"column":2},"end":{"line":5,"column":50}},"2":{"start":{"line":4,"column":0},"end":{"line":4,"column":16}}},"fnMap":{"0":{"name":"servicioCrearOrdenProveedor","decl":{"start":{"line":4,"column":16},"end":{"line":4,"column":43}},"loc":{"start":{"line":4,"column":78},"end":{"line":6,"column":1}}}},"branchMap":{},"s":{"0":1,"1":1,"2":1},"f":{"0":1},"b":{}}
,"C:\\Users\\sebastian.valdes\\Desktop\\ADN-Ceiba\\BackEnd\\src\\infraestructura\\orden\\proveedor\\servicio\\servicio-eliminar-orden.proveedor.ts": {"path":"C:\\Users\\sebastian.valdes\\Desktop\\ADN-Ceiba\\BackEnd\\src\\infraestructura\\orden\\proveedor\\servicio\\servicio-eliminar-orden.proveedor.ts","statementMap":{"0":{"start":{"line":2,"column":0},"end":{"line":2,"column":91}},"1":{"start":{"line":5,"column":2},"end":{"line":5,"column":53}},"2":{"start":{"line":4,"column":0},"end":{"line":4,"column":16}}},"fnMap":{"0":{"name":"servicioEliminarOrdenProveedor","decl":{"start":{"line":4,"column":16},"end":{"line":4,"column":46}},"loc":{"start":{"line":4,"column":81},"end":{"line":6,"column":1}}}},"branchMap":{},"s":{"0":1,"1":1,"2":1},"f":{"0":1},"b":{}}
,"C:\\Users\\sebastian.valdes\\Desktop\\ADN-Ceiba\\BackEnd\\test\\tdb\\orden\\orden-tdb.ts": {"path":"C:\\Users\\sebastian.valdes\\Desktop\\ADN-Ceiba\\BackEnd\\test\\tdb\\orden\\orden-tdb.ts","statementMap":{"0":{"start":{"line":1,"column":0},"end":{"line":1,"column":63}},"1":{"start":{"line":11,"column":8},"end":{"line":11,"column":31}},"2":{"start":{"line":12,"column":8},"end":{"line":12,"column":30}},"3":{"start":{"line":13,"column":8},"end":{"line":13,"column":52}},"4":{"start":{"line":14,"column":8},"end":{"line":14,"column":51}},"5":{"start":{"line":15,"column":8},"end":{"line":15,"column":38}},"6":{"start":{"line":19,"column":8},"end":{"line":19,"column":null}},"7":{"start":{"line":20,"column":8},"end":{"line":20,"column":null}},"8":{"start":{"line":23,"column":8},"end":{"line":23,"column":null}},"9":{"start":{"line":24,"column":8},"end":{"line":24,"column":null}},"10":{"start":{"line":27,"column":8},"end":{"line":27,"column":null}},"11":{"start":{"line":28,"column":8},"end":{"line":28,"column":null}},"12":{"start":{"line":31,"column":8},"end":{"line":31,"column":null}},"13":{"start":{"line":32,"column":8},"end":{"line":32,"column":null}},"14":{"start":{"line":35,"column":8},"end":{"line":35,"column":null}},"15":{"start":{"line":36,"column":8},"end":{"line":36,"column":null}},"16":{"start":{"line":40,"column":8},"end":{"line":40,"column":null}},"17":{"start":{"line":3,"column":0},"end":{"line":3,"column":13}}},"fnMap":{"0":{"name":"(anonymous_0)","decl":{"start":{"line":10,"column":4},"end":{"line":10,"column":null}},"loc":{"start":{"line":10,"column":4},"end":{"line":16,"column":5}}},"1":{"name":"(anonymous_1)","decl":{"start":{"line":18,"column":11},"end":{"line":18,"column":28}},"loc":{"start":{"line":18,"column":50},"end":{"line":21,"column":5}}},"2":{"name":"(anonymous_2)","decl":{"start":{"line":22,"column":11},"end":{"line":22,"column":27}},"loc":{"start":{"line":22,"column":48},"end":{"line":25,"column":5}}},"3":{"name":"(anonymous_3)","decl":{"start":{"line":26,"column":11},"end":{"line":26,"column":28}},"loc":{"start":{"line":26,"column":48},"end":{"line":29,"column":5}}},"4":{"name":"(anonymous_4)","decl":{"start":{"line":30,"column":11},"end":{"line":30,"column":27}},"loc":{"start":{"line":30,"column":46},"end":{"line":33,"column":5}}},"5":{"name":"(anonymous_5)","decl":{"start":{"line":34,"column":11},"end":{"line":34,"column":26}},"loc":{"start":{"line":34,"column":46},"end":{"line":37,"column":5}}},"6":{"name":"(anonymous_6)","decl":{"start":{"line":39,"column":4},"end":{"line":39,"column":9}},"loc":{"start":{"line":39,"column":9},"end":{"line":41,"column":5}}}},"branchMap":{},"s":{"0":4,"1":6,"2":6,"3":6,"4":6,"5":6,"6":0,"7":0,"8":0,"9":0,"10":0,"11":0,"12":0,"13":0,"14":5,"15":5,"16":5,"17":4},"f":{"0":6,"1":0,"2":0,"3":0,"4":0,"5":5,"6":5},"b":{}}
,"C:\\Users\\sebastian.valdes\\Desktop\\ADN-Ceiba\\BackEnd\\test\\util\\create-object.stub.ts": {"path":"C:\\Users\\sebastian.valdes\\Desktop\\ADN-Ceiba\\BackEnd\\test\\util\\create-object.stub.ts","statementMap":{"0":{"start":{"line":1,"column":0},"end":{"line":1,"column":65}},"1":{"start":{"line":16,"column":2},"end":{"line":20,"column":null}},"2":{"start":{"line":17,"column":4},"end":{"line":17,"column":25}},"3":{"start":{"line":19,"column":4},"end":{"line":19,"column":null}},"4":{"start":{"line":21,"column":31},"end":{"line":21,"column":33}},"5":{"start":{"line":22,"column":3},"end":{"line":22,"column":86}},"6":{"start":{"line":22,"column":47},"end":{"line":22,"column":84}},"7":{"start":{"line":23,"column":2},"end":{"line":23,"column":25}},"8":{"start":{"line":14,"column":0},"end":{"line":14,"column":16}}},"fnMap":{"0":{"name":"createStubObj","decl":{"start":{"line":14,"column":16},"end":{"line":14,"column":29}},"loc":{"start":{"line":14,"column":92},"end":{"line":24,"column":1}}},"1":{"name":"(anonymous_1)","decl":{"start":{"line":22,"column":31},"end":{"line":22,"column":32}},"loc":{"start":{"line":22,"column":47},"end":{"line":22,"column":84}}}},"branchMap":{"0":{"loc":{"start":{"line":16,"column":2},"end":{"line":20,"column":null}},"type":"if","locations":[{"start":{"line":16,"column":2},"end":{"line":20,"column":null}},{"start":{"line":16,"column":2},"end":{"line":20,"column":null}}]}},"s":{"0":4,"1":8,"2":2,"3":6,"4":8,"5":8,"6":19,"7":8,"8":4},"f":{"0":8,"1":19},"b":{"0":[2,6]}}
}
