TN:
SF:src\aplicacion\orden\comando\actualizar-orden.comando.ts
FNF:0
FNH:0
DA:1,1
DA:2,1
DA:4,1
DA:7,1
DA:11,1
DA:15,1
DA:19,1
DA:23,1
LF:8
LH:8
BRF:0
BRH:0
end_of_record
TN:
SF:src\aplicacion\orden\comando\actualizar-orden.manejador.ts
FN:8,(anonymous_2)
FN:10,(anonymous_3)
FNF:2
FNH:1
FNDA:1,(anonymous_2)
FNDA:0,(anonymous_3)
DA:1,1
DA:2,1
DA:4,1
DA:7,1
DA:8,1
DA:11,0
LF:6
LH:5
BRF:0
BRH:0
end_of_record
TN:
SF:src\aplicacion\orden\comando\crear-orden.comando.ts
FNF:0
FNH:0
DA:1,1
DA:2,1
DA:4,1
DA:7,1
DA:11,1
DA:15,1
DA:19,1
DA:23,1
LF:8
LH:8
BRF:0
BRH:0
end_of_record
TN:
SF:src\aplicacion\orden\comando\crear-orden.manejador.ts
FN:8,(anonymous_2)
FN:10,(anonymous_3)
FNF:2
FNH:2
FNDA:1,(anonymous_2)
FNDA:3,(anonymous_3)
DA:1,1
DA:2,1
DA:4,1
DA:7,1
DA:8,1
DA:11,3
LF:6
LH:6
BRF:0
BRH:0
end_of_record
TN:
SF:src\aplicacion\orden\comando\eliminar-orden.comando.ts
FNF:0
FNH:0
DA:1,1
DA:3,1
DA:5,1
LF:3
LH:3
BRF:0
BRH:0
end_of_record
TN:
SF:src\aplicacion\orden\comando\eliminar-orden.manejador.ts
FN:7,(anonymous_2)
FN:9,(anonymous_3)
FNF:2
FNH:1
FNDA:1,(anonymous_2)
FNDA:0,(anonymous_3)
DA:1,1
DA:3,1
DA:6,1
DA:7,1
DA:10,0
LF:5
LH:4
BRF:0
BRH:0
end_of_record
TN:
SF:src\aplicacion\orden\consulta\listar-orden.manejador.ts
FN:8,(anonymous_2)
FN:10,(anonymous_3)
FNF:2
FNH:2
FNDA:1,(anonymous_2)
FNDA:1,(anonymous_3)
DA:1,1
DA:3,1
DA:7,1
DA:8,1
DA:11,1
LF:5
LH:5
BRF:0
BRH:0
end_of_record
TN:
SF:src\aplicacion\orden\consulta\listar-ordenes.manejador.ts
FN:8,(anonymous_2)
FN:10,(anonymous_3)
FNF:2
FNH:2
FNDA:1,(anonymous_2)
FNDA:1,(anonymous_3)
DA:1,1
DA:3,1
DA:7,1
DA:8,1
DA:11,1
LF:5
LH:5
BRF:0
BRH:0
end_of_record
TN:
SF:src\dominio\errores\error-de-negocio.ts
FN:2,(anonymous_0)
FNF:1
FNH:1
FNDA:7,(anonymous_0)
DA:1,5
DA:3,7
DA:4,7
LF:3
LH:3
BRDA:4,0,0,7
BRDA:4,0,1,4
BRF:2
BRH:2
end_of_record
TN:
SF:src\dominio\errores\error-franja-horaria.ts
FN:4,(anonymous_0)
FNF:1
FNH:0
FNDA:0,(anonymous_0)
DA:1,4
DA:3,4
DA:5,0
LF:3
LH:2
BRF:0
BRH:0
end_of_record
TN:
SF:src\dominio\errores\error-horario-laboral.ts
FN:4,(anonymous_0)
FNF:1
FNH:1
FNDA:3,(anonymous_0)
DA:1,4
DA:3,4
DA:5,3
LF:3
LH:3
BRF:0
BRH:0
end_of_record
TN:
SF:src\dominio\orden\modelo\orden.ts
FN:15,(anonymous_2)
FN:26,(anonymous_3)
FN:37,(anonymous_4)
FN:46,(anonymous_5)
FN:50,(anonymous_6)
FN:54,(anonymous_7)
FN:58,(anonymous_8)
FN:62,(anonymous_9)
FNF:8
FNH:7
FNDA:8,(anonymous_2)
FNDA:8,(anonymous_3)
FNDA:6,(anonymous_4)
FNDA:1,(anonymous_5)
FNDA:4,(anonymous_6)
FNDA:0,(anonymous_7)
FNDA:4,(anonymous_8)
FNDA:4,(anonymous_9)
DA:1,4
DA:2,4
DA:4,4
DA:5,4
DA:6,4
DA:8,4
DA:9,8
DA:10,8
DA:11,8
DA:12,8
DA:13,8
DA:16,8
DA:17,6
DA:18,6
DA:19,6
DA:20,6
DA:21,6
DA:22,6
DA:28,8
DA:30,8
DA:31,2
DA:39,6
DA:40,6
DA:41,0
DA:47,1
DA:51,4
DA:55,0
DA:59,4
DA:63,4
LF:29
LH:27
BRDA:30,0,0,2
BRDA:30,0,1,6
BRDA:30,1,0,8
BRDA:30,1,1,8
BRDA:40,2,0,0
BRDA:40,2,1,6
BRF:6
BRH:5
end_of_record
TN:
SF:src\dominio\orden\puerto\dao\dao-orden.ts
FNF:0
FNH:0
DA:3,1
LF:1
LH:1
BRF:0
BRH:0
end_of_record
TN:
SF:src\dominio\orden\puerto\repositorio\repositorio-orden.ts
FNF:0
FNH:0
DA:3,1
LF:1
LH:1
BRF:0
BRH:0
end_of_record
TN:
SF:src\dominio\orden\servicio\servicio-actualizar-orden.ts
FN:7,(anonymous_0)
FN:10,(anonymous_1)
FNF:2
FNH:2
FNDA:3,(anonymous_0)
FNDA:2,(anonymous_1)
DA:3,2
DA:5,2
DA:7,3
DA:11,2
DA:12,1
DA:16,1
LF:6
LH:6
BRDA:11,0,0,1
BRDA:11,0,1,1
BRF:2
BRH:2
end_of_record
TN:
SF:src\dominio\orden\servicio\servicio-crear-orden.ts
FN:7,(anonymous_0)
FN:10,(anonymous_1)
FNF:2
FNH:2
FNDA:3,(anonymous_0)
FNDA:4,(anonymous_1)
DA:3,2
DA:5,2
DA:7,3
DA:11,4
DA:12,2
DA:16,2
LF:6
LH:6
BRDA:11,0,0,2
BRDA:11,0,1,2
BRF:2
BRH:2
end_of_record
TN:
SF:src\dominio\orden\servicio\servicio-eliminar-orden.ts
FN:6,(anonymous_0)
FN:9,(anonymous_1)
FNF:2
FNH:2
FNDA:3,(anonymous_0)
FNDA:2,(anonymous_1)
DA:2,2
DA:4,2
DA:6,3
DA:10,2
DA:11,1
DA:15,1
LF:6
LH:6
BRDA:10,0,0,1
BRDA:10,0,1,1
BRF:2
BRH:2
end_of_record
TN:
SF:src\infraestructura\configuracion\ceiba-logger.service.ts
FN:6,(anonymous_1)
FNF:1
FNH:0
FNDA:0,(anonymous_1)
DA:1,1
DA:4,1
DA:7,0
LF:3
LH:2
BRF:0
BRH:0
end_of_record
TN:
SF:src\infraestructura\excepciones\filtro-excepciones-negocio.ts
FN:10,(anonymous_2)
FN:14,(anonymous_3)
FNF:2
FNH:2
FNDA:1,(anonymous_2)
FNDA:2,(anonymous_3)
DA:1,1
DA:3,1
DA:5,1
DA:8,1
DA:10,1
DA:11,1
DA:15,2
DA:16,2
DA:17,2
DA:19,2
DA:21,2
DA:28,2
DA:29,2
LF:13
LH:13
BRF:0
BRH:0
end_of_record
TN:
SF:src\infraestructura\orden\controlador\orden.controlador.ts
FN:14,(anonymous_4)
FN:24,(anonymous_5)
FN:29,(anonymous_6)
FN:35,(anonymous_7)
FN:41,(anonymous_8)
FN:45,(anonymous_9)
FNF:6
FNH:4
FNDA:1,(anonymous_4)
FNDA:1,(anonymous_5)
FNDA:1,(anonymous_6)
FNDA:3,(anonymous_7)
FNDA:0,(anonymous_8)
FNDA:0,(anonymous_9)
DA:1,1
DA:2,1
DA:3,1
DA:4,1
DA:5,1
DA:6,1
DA:7,1
DA:8,1
DA:9,1
DA:13,1
DA:15,1
DA:16,1
DA:17,1
DA:18,1
DA:19,1
DA:24,1
DA:25,1
DA:29,1
DA:30,1
DA:35,1
DA:36,3
DA:41,1
DA:42,0
DA:45,1
DA:46,0
LF:25
LH:23
BRF:0
BRH:0
end_of_record
TN:
SF:src\infraestructura\orden\proveedor\servicio\servicio-actualizar-orden.proveedor.ts
FN:4,servicioActualizarOrdenProveedor
FNF:1
FNH:1
FNDA:1,servicioActualizarOrdenProveedor
DA:2,1
DA:4,1
DA:5,1
LF:3
LH:3
BRF:0
BRH:0
end_of_record
TN:
SF:src\infraestructura\orden\proveedor\servicio\servicio-crear-orden.proveedor.ts
FN:4,servicioCrearOrdenProveedor
FNF:1
FNH:1
FNDA:1,servicioCrearOrdenProveedor
DA:2,1
DA:4,1
DA:5,1
LF:3
LH:3
BRF:0
BRH:0
end_of_record
TN:
SF:src\infraestructura\orden\proveedor\servicio\servicio-eliminar-orden.proveedor.ts
FN:4,servicioEliminarOrdenProveedor
FNF:1
FNH:1
FNDA:1,servicioEliminarOrdenProveedor
DA:2,1
DA:4,1
DA:5,1
LF:3
LH:3
BRF:0
BRH:0
end_of_record
TN:
SF:test\tdb\orden\orden-tdb.ts
FN:10,(anonymous_0)
FN:18,(anonymous_1)
FN:22,(anonymous_2)
FN:26,(anonymous_3)
FN:30,(anonymous_4)
FN:34,(anonymous_5)
FN:39,(anonymous_6)
FNF:7
FNH:3
FNDA:6,(anonymous_0)
FNDA:0,(anonymous_1)
FNDA:0,(anonymous_2)
FNDA:0,(anonymous_3)
FNDA:0,(anonymous_4)
FNDA:5,(anonymous_5)
FNDA:5,(anonymous_6)
DA:1,4
DA:3,4
DA:11,6
DA:12,6
DA:13,6
DA:14,6
DA:15,6
DA:19,0
DA:20,0
DA:23,0
DA:24,0
DA:27,0
DA:28,0
DA:31,0
DA:32,0
DA:35,5
DA:36,5
DA:40,5
LF:18
LH:10
BRF:0
BRH:0
end_of_record
TN:
SF:test\util\create-object.stub.ts
FN:14,createStubObj
FN:22,(anonymous_1)
FNF:2
FNH:2
FNDA:8,createStubObj
FNDA:19,(anonymous_1)
DA:1,4
DA:14,4
DA:16,8
DA:17,2
DA:19,6
DA:21,8
DA:22,19
DA:23,8
LF:8
LH:8
BRDA:16,0,0,2
BRDA:16,0,1,6
BRF:2
BRH:2
end_of_record
